{"C:\\Users\\omkar\\OneDrive\\Desktop\\projects\\Current Project\\SocialMediaApp Backend\\Controller\\auth.controller.js": {"path":"C:\\Users\\omkar\\OneDrive\\Desktop\\projects\\Current Project\\SocialMediaApp Backend\\Controller\\auth.controller.js","statementMap":{"0":{"start":{"line":1,"column":11},"end":{"line":1,"column":38}},"1":{"start":{"line":2,"column":12},"end":{"line":2,"column":35}},"2":{"start":{"line":3,"column":15},"end":{"line":3,"column":32}},"3":{"start":{"line":4,"column":0},"end":{"line":4,"column":27}},"4":{"start":{"line":6,"column":15},"end":{"line":34,"column":1}},"5":{"start":{"line":7,"column":2},"end":{"line":33,"column":3}},"6":{"start":{"line":8,"column":16},"end":{"line":8,"column":24}},"7":{"start":{"line":11,"column":4},"end":{"line":14,"column":60}},"8":{"start":{"line":12,"column":6},"end":{"line":12,"column":60}},"9":{"start":{"line":13,"column":9},"end":{"line":14,"column":60}},"10":{"start":{"line":14,"column":6},"end":{"line":14,"column":60}},"11":{"start":{"line":16,"column":4},"end":{"line":28,"column":5}},"12":{"start":{"line":17,"column":6},"end":{"line":17,"column":45}},"13":{"start":{"line":18,"column":6},"end":{"line":18,"column":16}},"14":{"start":{"line":19,"column":11},"end":{"line":28,"column":5}},"15":{"start":{"line":20,"column":28},"end":{"line":20,"column":79}},"16":{"start":{"line":23,"column":6},"end":{"line":27,"column":62}},"17":{"start":{"line":24,"column":23},"end":{"line":24,"column":45}},"18":{"start":{"line":25,"column":20},"end":{"line":25,"column":64}},"19":{"start":{"line":26,"column":8},"end":{"line":26,"column":53}},"20":{"start":{"line":27,"column":13},"end":{"line":27,"column":62}},"21":{"start":{"line":30,"column":4},"end":{"line":30,"column":21}},"22":{"start":{"line":31,"column":4},"end":{"line":31,"column":50}},"23":{"start":{"line":36,"column":15},"end":{"line":46,"column":1}},"24":{"start":{"line":37,"column":2},"end":{"line":45,"column":3}},"25":{"start":{"line":38,"column":19},"end":{"line":38,"column":27}},"26":{"start":{"line":39,"column":15},"end":{"line":39,"column":55}},"27":{"start":{"line":40,"column":4},"end":{"line":40,"column":29}},"28":{"start":{"line":41,"column":4},"end":{"line":41,"column":35}},"29":{"start":{"line":42,"column":4},"end":{"line":42,"column":64}},"30":{"start":{"line":44,"column":4},"end":{"line":44,"column":50}},"31":{"start":{"line":48,"column":0},"end":{"line":48,"column":36}}},"fnMap":{"0":{"name":"(anonymous_0)","decl":{"start":{"line":6,"column":15},"end":{"line":6,"column":16}},"loc":{"start":{"line":6,"column":35},"end":{"line":34,"column":1}},"line":6},"1":{"name":"(anonymous_1)","decl":{"start":{"line":36,"column":15},"end":{"line":36,"column":16}},"loc":{"start":{"line":36,"column":35},"end":{"line":46,"column":1}},"line":36}},"branchMap":{"0":{"loc":{"start":{"line":11,"column":4},"end":{"line":14,"column":60}},"type":"if","locations":[{"start":{"line":11,"column":4},"end":{"line":14,"column":60}},{"start":{"line":13,"column":9},"end":{"line":14,"column":60}}],"line":11},"1":{"loc":{"start":{"line":13,"column":9},"end":{"line":14,"column":60}},"type":"if","locations":[{"start":{"line":13,"column":9},"end":{"line":14,"column":60}},{"start":{},"end":{}}],"line":13},"2":{"loc":{"start":{"line":16,"column":4},"end":{"line":28,"column":5}},"type":"if","locations":[{"start":{"line":16,"column":4},"end":{"line":28,"column":5}},{"start":{"line":19,"column":11},"end":{"line":28,"column":5}}],"line":16},"3":{"loc":{"start":{"line":19,"column":11},"end":{"line":28,"column":5}},"type":"if","locations":[{"start":{"line":19,"column":11},"end":{"line":28,"column":5}},{"start":{},"end":{}}],"line":19},"4":{"loc":{"start":{"line":23,"column":6},"end":{"line":27,"column":62}},"type":"if","locations":[{"start":{"line":23,"column":6},"end":{"line":27,"column":62}},{"start":{"line":27,"column":13},"end":{"line":27,"column":62}}],"line":23}},"s":{"0":1,"1":1,"2":1,"3":1,"4":1,"5":5,"6":5,"7":5,"8":1,"9":4,"10":4,"11":4,"12":1,"13":1,"14":3,"15":3,"16":3,"17":2,"18":2,"19":2,"20":1,"21":2,"22":2,"23":1,"24":2,"25":2,"26":2,"27":1,"28":1,"29":1,"30":1,"31":1},"f":{"0":5,"1":2},"b":{"0":[1,4],"1":[4,0],"2":[1,3],"3":[3,0],"4":[2,1]},"_coverageSchema":"1a1c01bbd47fc00a2c39e90264f33305004495a9","hash":"4270b48fd6ee478261948b87ba30f01de9d4a876"}
,"C:\\Users\\omkar\\OneDrive\\Desktop\\projects\\Current Project\\SocialMediaApp Backend\\Model\\Posts.js": {"path":"C:\\Users\\omkar\\OneDrive\\Desktop\\projects\\Current Project\\SocialMediaApp Backend\\Model\\Posts.js","statementMap":{"0":{"start":{"line":1,"column":17},"end":{"line":1,"column":36}},"1":{"start":{"line":3,"column":19},"end":{"line":9,"column":2}},"2":{"start":{"line":11,"column":0},"end":{"line":11,"column":53}}},"fnMap":{},"branchMap":{},"s":{"0":2,"1":2,"2":2},"f":{},"b":{},"_coverageSchema":"1a1c01bbd47fc00a2c39e90264f33305004495a9","hash":"7459dfd8bb27b7afefdfa523ad626b9f764bac0e"}
,"C:\\Users\\omkar\\OneDrive\\Desktop\\projects\\Current Project\\SocialMediaApp Backend\\Model\\User.js": {"path":"C:\\Users\\omkar\\OneDrive\\Desktop\\projects\\Current Project\\SocialMediaApp Backend\\Model\\User.js","statementMap":{"0":{"start":{"line":1,"column":17},"end":{"line":1,"column":36}},"1":{"start":{"line":3,"column":19},"end":{"line":47,"column":2}},"2":{"start":{"line":49,"column":0},"end":{"line":49,"column":52}}},"fnMap":{},"branchMap":{},"s":{"0":2,"1":2,"2":2},"f":{},"b":{},"_coverageSchema":"1a1c01bbd47fc00a2c39e90264f33305004495a9","hash":"6a8ef3afc19d8bc2251ac066d53b405c262d14dc"}
,"C:\\Users\\omkar\\OneDrive\\Desktop\\projects\\Current Project\\SocialMediaApp Backend\\Model\\index.js": {"path":"C:\\Users\\omkar\\OneDrive\\Desktop\\projects\\Current Project\\SocialMediaApp Backend\\Model\\index.js","statementMap":{"0":{"start":{"line":1,"column":17},"end":{"line":1,"column":36}},"1":{"start":{"line":2,"column":13},"end":{"line":2,"column":30}},"2":{"start":{"line":3,"column":14},"end":{"line":3,"column":32}},"3":{"start":{"line":5,"column":18},"end":{"line":5,"column":55}},"4":{"start":{"line":6,"column":11},"end":{"line":6,"column":13}},"5":{"start":{"line":9,"column":0},"end":{"line":9,"column":14}},"6":{"start":{"line":10,"column":0},"end":{"line":10,"column":16}},"7":{"start":{"line":15,"column":0},"end":{"line":15,"column":19}}},"fnMap":{},"branchMap":{"0":{"loc":{"start":{"line":5,"column":18},"end":{"line":5,"column":55}},"type":"binary-expr","locations":[{"start":{"line":5,"column":18},"end":{"line":5,"column":38}},{"start":{"line":5,"column":42},"end":{"line":5,"column":55}}],"line":5}},"s":{"0":2,"1":2,"2":2,"3":2,"4":2,"5":2,"6":2,"7":2},"f":{},"b":{"0":[2,0]},"_coverageSchema":"1a1c01bbd47fc00a2c39e90264f33305004495a9","hash":"94e2d5274f40a4a5d3af56a4b68b97b07b07c310"}
,"C:\\Users\\omkar\\OneDrive\\Desktop\\projects\\Current Project\\SocialMediaApp Backend\\middleware\\validation.js": {"path":"C:\\Users\\omkar\\OneDrive\\Desktop\\projects\\Current Project\\SocialMediaApp Backend\\middleware\\validation.js","statementMap":{"0":{"start":{"line":1,"column":9},"end":{"line":1,"column":36}},"1":{"start":{"line":2,"column":24},"end":{"line":2,"column":53}},"2":{"start":{"line":3,"column":17},"end":{"line":3,"column":36}},"3":{"start":{"line":5,"column":13},"end":{"line":5,"column":36}},"4":{"start":{"line":7,"column":0},"end":{"line":22,"column":13}},"5":{"start":{"line":24,"column":25},"end":{"line":55,"column":1}},"6":{"start":{"line":25,"column":2},"end":{"line":54,"column":3}},"7":{"start":{"line":27,"column":4},"end":{"line":40,"column":80}},"8":{"start":{"line":28,"column":6},"end":{"line":28,"column":60}},"9":{"start":{"line":29,"column":9},"end":{"line":40,"column":80}},"10":{"start":{"line":30,"column":6},"end":{"line":30,"column":59}},"11":{"start":{"line":31,"column":9},"end":{"line":40,"column":80}},"12":{"start":{"line":32,"column":6},"end":{"line":32,"column":63}},"13":{"start":{"line":33,"column":9},"end":{"line":40,"column":80}},"14":{"start":{"line":34,"column":6},"end":{"line":34,"column":56}},"15":{"start":{"line":37,"column":9},"end":{"line":40,"column":80}},"16":{"start":{"line":38,"column":6},"end":{"line":40,"column":80}},"17":{"start":{"line":43,"column":18},"end":{"line":43,"column":66}},"18":{"start":{"line":44,"column":4},"end":{"line":46,"column":5}},"19":{"start":{"line":45,"column":6},"end":{"line":45,"column":57}},"20":{"start":{"line":47,"column":18},"end":{"line":47,"column":66}},"21":{"start":{"line":48,"column":4},"end":{"line":50,"column":5}},"22":{"start":{"line":49,"column":6},"end":{"line":49,"column":56}},"23":{"start":{"line":51,"column":4},"end":{"line":51,"column":10}},"24":{"start":{"line":53,"column":4},"end":{"line":53,"column":36}},"25":{"start":{"line":57,"column":23},"end":{"line":62,"column":1}},"26":{"start":{"line":58,"column":2},"end":{"line":61,"column":16}},"27":{"start":{"line":59,"column":4},"end":{"line":59,"column":48}},"28":{"start":{"line":60,"column":4},"end":{"line":60,"column":14}},"29":{"start":{"line":61,"column":9},"end":{"line":61,"column":16}},"30":{"start":{"line":64,"column":27},"end":{"line":72,"column":1}},"31":{"start":{"line":65,"column":2},"end":{"line":65,"column":98}},"32":{"start":{"line":65,"column":55},"end":{"line":65,"column":98}},"33":{"start":{"line":66,"column":2},"end":{"line":71,"column":3}},"34":{"start":{"line":67,"column":4},"end":{"line":67,"column":11}},"35":{"start":{"line":69,"column":3},"end":{"line":69,"column":54}},"36":{"start":{"line":74,"column":19},"end":{"line":90,"column":1}},"37":{"start":{"line":75,"column":2},"end":{"line":79,"column":3}},"38":{"start":{"line":76,"column":4},"end":{"line":76,"column":76}},"39":{"start":{"line":77,"column":4},"end":{"line":77,"column":14}},"40":{"start":{"line":78,"column":4},"end":{"line":78,"column":11}},"41":{"start":{"line":80,"column":2},"end":{"line":89,"column":3}},"42":{"start":{"line":84,"column":4},"end":{"line":84,"column":11}},"43":{"start":{"line":86,"column":4},"end":{"line":86,"column":59}},"44":{"start":{"line":87,"column":4},"end":{"line":87,"column":14}},"45":{"start":{"line":88,"column":4},"end":{"line":88,"column":11}},"46":{"start":{"line":92,"column":24},"end":{"line":103,"column":1}},"47":{"start":{"line":93,"column":2},"end":{"line":95,"column":4}},"48":{"start":{"line":94,"column":4},"end":{"line":94,"column":39}},"49":{"start":{"line":96,"column":2},"end":{"line":102,"column":3}},"50":{"start":{"line":97,"column":4},"end":{"line":97,"column":38}},"51":{"start":{"line":98,"column":4},"end":{"line":98,"column":14}},"52":{"start":{"line":99,"column":4},"end":{"line":99,"column":11}},"53":{"start":{"line":101,"column":4},"end":{"line":101,"column":11}},"54":{"start":{"line":105,"column":23},"end":{"line":116,"column":1}},"55":{"start":{"line":106,"column":2},"end":{"line":115,"column":3}},"56":{"start":{"line":110,"column":4},"end":{"line":110,"column":65}},"57":{"start":{"line":111,"column":9},"end":{"line":115,"column":3}},"58":{"start":{"line":112,"column":4},"end":{"line":112,"column":62}},"59":{"start":{"line":114,"column":4},"end":{"line":114,"column":11}},"60":{"start":{"line":118,"column":22},"end":{"line":131,"column":1}},"61":{"start":{"line":119,"column":2},"end":{"line":130,"column":3}},"62":{"start":{"line":120,"column":4},"end":{"line":126,"column":5}},"63":{"start":{"line":121,"column":6},"end":{"line":121,"column":29}},"64":{"start":{"line":122,"column":6},"end":{"line":122,"column":12}},"65":{"start":{"line":123,"column":11},"end":{"line":126,"column":5}},"66":{"start":{"line":124,"column":6},"end":{"line":124,"column":29}},"67":{"start":{"line":125,"column":6},"end":{"line":125,"column":12}},"68":{"start":{"line":127,"column":4},"end":{"line":127,"column":55}},"69":{"start":{"line":129,"column":4},"end":{"line":129,"column":55}},"70":{"start":{"line":134,"column":0},"end":{"line":142,"column":2}}},"fnMap":{"0":{"name":"(anonymous_0)","decl":{"start":{"line":24,"column":25},"end":{"line":24,"column":26}},"loc":{"start":{"line":24,"column":51},"end":{"line":55,"column":1}},"line":24},"1":{"name":"(anonymous_1)","decl":{"start":{"line":57,"column":23},"end":{"line":57,"column":24}},"loc":{"start":{"line":57,"column":43},"end":{"line":62,"column":1}},"line":57},"2":{"name":"(anonymous_2)","decl":{"start":{"line":64,"column":27},"end":{"line":64,"column":28}},"loc":{"start":{"line":64,"column":47},"end":{"line":72,"column":1}},"line":64},"3":{"name":"(anonymous_3)","decl":{"start":{"line":74,"column":19},"end":{"line":74,"column":20}},"loc":{"start":{"line":74,"column":39},"end":{"line":90,"column":1}},"line":74},"4":{"name":"(anonymous_4)","decl":{"start":{"line":92,"column":24},"end":{"line":92,"column":25}},"loc":{"start":{"line":92,"column":44},"end":{"line":103,"column":1}},"line":92},"5":{"name":"(anonymous_5)","decl":{"start":{"line":93,"column":37},"end":{"line":93,"column":38}},"loc":{"start":{"line":94,"column":4},"end":{"line":94,"column":39}},"line":94},"6":{"name":"(anonymous_6)","decl":{"start":{"line":105,"column":23},"end":{"line":105,"column":24}},"loc":{"start":{"line":105,"column":43},"end":{"line":116,"column":1}},"line":105},"7":{"name":"(anonymous_7)","decl":{"start":{"line":118,"column":22},"end":{"line":118,"column":23}},"loc":{"start":{"line":118,"column":42},"end":{"line":131,"column":1}},"line":118}},"branchMap":{"0":{"loc":{"start":{"line":27,"column":4},"end":{"line":40,"column":80}},"type":"if","locations":[{"start":{"line":27,"column":4},"end":{"line":40,"column":80}},{"start":{"line":29,"column":9},"end":{"line":40,"column":80}}],"line":27},"1":{"loc":{"start":{"line":27,"column":8},"end":{"line":27,"column":61}},"type":"binary-expr","locations":[{"start":{"line":27,"column":8},"end":{"line":27,"column":27}},{"start":{"line":27,"column":31},"end":{"line":27,"column":61}}],"line":27},"2":{"loc":{"start":{"line":29,"column":9},"end":{"line":40,"column":80}},"type":"if","locations":[{"start":{"line":29,"column":9},"end":{"line":40,"column":80}},{"start":{"line":31,"column":9},"end":{"line":40,"column":80}}],"line":29},"3":{"loc":{"start":{"line":29,"column":13},"end":{"line":29,"column":64}},"type":"binary-expr","locations":[{"start":{"line":29,"column":13},"end":{"line":29,"column":31}},{"start":{"line":29,"column":35},"end":{"line":29,"column":64}}],"line":29},"4":{"loc":{"start":{"line":31,"column":9},"end":{"line":40,"column":80}},"type":"if","locations":[{"start":{"line":31,"column":9},"end":{"line":40,"column":80}},{"start":{"line":33,"column":9},"end":{"line":40,"column":80}}],"line":31},"5":{"loc":{"start":{"line":31,"column":13},"end":{"line":31,"column":90}},"type":"binary-expr","locations":[{"start":{"line":31,"column":13},"end":{"line":31,"column":28}},{"start":{"line":31,"column":32},"end":{"line":31,"column":59}},{"start":{"line":31,"column":63},"end":{"line":31,"column":90}}],"line":31},"6":{"loc":{"start":{"line":33,"column":9},"end":{"line":40,"column":80}},"type":"if","locations":[{"start":{"line":33,"column":9},"end":{"line":40,"column":80}},{"start":{"line":37,"column":9},"end":{"line":40,"column":80}}],"line":33},"7":{"loc":{"start":{"line":33,"column":13},"end":{"line":33,"column":122}},"type":"binary-expr","locations":[{"start":{"line":33,"column":13},"end":{"line":33,"column":28}},{"start":{"line":33,"column":32},"end":{"line":33,"column":56}},{"start":{"line":33,"column":60},"end":{"line":33,"column":89}},{"start":{"line":33,"column":93},"end":{"line":33,"column":122}}],"line":33},"8":{"loc":{"start":{"line":37,"column":9},"end":{"line":40,"column":80}},"type":"if","locations":[{"start":{"line":37,"column":9},"end":{"line":40,"column":80}},{"start":{},"end":{}}],"line":37},"9":{"loc":{"start":{"line":44,"column":4},"end":{"line":46,"column":5}},"type":"if","locations":[{"start":{"line":44,"column":4},"end":{"line":46,"column":5}},{"start":{},"end":{}}],"line":44},"10":{"loc":{"start":{"line":48,"column":4},"end":{"line":50,"column":5}},"type":"if","locations":[{"start":{"line":48,"column":4},"end":{"line":50,"column":5}},{"start":{},"end":{}}],"line":48},"11":{"loc":{"start":{"line":58,"column":2},"end":{"line":61,"column":16}},"type":"if","locations":[{"start":{"line":58,"column":2},"end":{"line":61,"column":16}},{"start":{"line":61,"column":9},"end":{"line":61,"column":16}}],"line":58},"12":{"loc":{"start":{"line":65,"column":2},"end":{"line":65,"column":98}},"type":"if","locations":[{"start":{"line":65,"column":2},"end":{"line":65,"column":98}},{"start":{},"end":{}}],"line":65},"13":{"loc":{"start":{"line":65,"column":6},"end":{"line":65,"column":53}},"type":"binary-expr","locations":[{"start":{"line":65,"column":6},"end":{"line":65,"column":22}},{"start":{"line":65,"column":26},"end":{"line":65,"column":53}}],"line":65},"14":{"loc":{"start":{"line":66,"column":2},"end":{"line":71,"column":3}},"type":"if","locations":[{"start":{"line":66,"column":2},"end":{"line":71,"column":3}},{"start":{"line":68,"column":9},"end":{"line":71,"column":3}}],"line":66},"15":{"loc":{"start":{"line":75,"column":2},"end":{"line":79,"column":3}},"type":"if","locations":[{"start":{"line":75,"column":2},"end":{"line":79,"column":3}},{"start":{},"end":{}}],"line":75},"16":{"loc":{"start":{"line":80,"column":2},"end":{"line":89,"column":3}},"type":"if","locations":[{"start":{"line":80,"column":2},"end":{"line":89,"column":3}},{"start":{"line":85,"column":9},"end":{"line":89,"column":3}}],"line":80},"17":{"loc":{"start":{"line":81,"column":4},"end":{"line":82,"column":54}},"type":"binary-expr","locations":[{"start":{"line":81,"column":4},"end":{"line":81,"column":52}},{"start":{"line":82,"column":4},"end":{"line":82,"column":54}}],"line":81},"18":{"loc":{"start":{"line":96,"column":2},"end":{"line":102,"column":3}},"type":"if","locations":[{"start":{"line":96,"column":2},"end":{"line":102,"column":3}},{"start":{"line":100,"column":9},"end":{"line":102,"column":3}}],"line":96},"19":{"loc":{"start":{"line":106,"column":2},"end":{"line":115,"column":3}},"type":"if","locations":[{"start":{"line":106,"column":2},"end":{"line":115,"column":3}},{"start":{"line":111,"column":9},"end":{"line":115,"column":3}}],"line":106},"20":{"loc":{"start":{"line":107,"column":4},"end":{"line":108,"column":53}},"type":"binary-expr","locations":[{"start":{"line":107,"column":4},"end":{"line":107,"column":53}},{"start":{"line":108,"column":4},"end":{"line":108,"column":53}}],"line":107},"21":{"loc":{"start":{"line":111,"column":9},"end":{"line":115,"column":3}},"type":"if","locations":[{"start":{"line":111,"column":9},"end":{"line":115,"column":3}},{"start":{"line":113,"column":9},"end":{"line":115,"column":3}}],"line":111},"22":{"loc":{"start":{"line":119,"column":2},"end":{"line":130,"column":3}},"type":"if","locations":[{"start":{"line":119,"column":2},"end":{"line":130,"column":3}},{"start":{"line":128,"column":9},"end":{"line":130,"column":3}}],"line":119},"23":{"loc":{"start":{"line":120,"column":4},"end":{"line":126,"column":5}},"type":"if","locations":[{"start":{"line":120,"column":4},"end":{"line":126,"column":5}},{"start":{"line":123,"column":11},"end":{"line":126,"column":5}}],"line":120},"24":{"loc":{"start":{"line":120,"column":8},"end":{"line":120,"column":109}},"type":"binary-expr","locations":[{"start":{"line":120,"column":8},"end":{"line":120,"column":40}},{"start":{"line":120,"column":44},"end":{"line":120,"column":73}},{"start":{"line":120,"column":77},"end":{"line":120,"column":109}}],"line":120},"25":{"loc":{"start":{"line":123,"column":11},"end":{"line":126,"column":5}},"type":"if","locations":[{"start":{"line":123,"column":11},"end":{"line":126,"column":5}},{"start":{},"end":{}}],"line":123}},"s":{"0":1,"1":1,"2":1,"3":1,"4":1,"5":1,"6":8,"7":8,"8":1,"9":7,"10":1,"11":6,"12":1,"13":5,"14":1,"15":4,"16":1,"17":3,"18":3,"19":1,"20":2,"21":2,"22":1,"23":1,"24":0,"25":1,"26":0,"27":0,"28":0,"29":0,"30":1,"31":3,"32":1,"33":2,"34":1,"35":1,"36":1,"37":0,"38":0,"39":0,"40":0,"41":0,"42":0,"43":0,"44":0,"45":0,"46":1,"47":0,"48":0,"49":0,"50":0,"51":0,"52":0,"53":0,"54":1,"55":0,"56":0,"57":0,"58":0,"59":0,"60":1,"61":4,"62":3,"63":1,"64":1,"65":2,"66":1,"67":1,"68":3,"69":1,"70":1},"f":{"0":8,"1":0,"2":3,"3":0,"4":0,"5":0,"6":0,"7":4},"b":{"0":[1,7],"1":[8,7],"2":[1,6],"3":[7,6],"4":[1,5],"5":[6,6,6],"6":[1,4],"7":[5,5,4,4],"8":[1,3],"9":[1,2],"10":[1,1],"11":[0,0],"12":[1,2],"13":[3,2],"14":[1,1],"15":[0,0],"16":[0,0],"17":[0,0],"18":[0,0],"19":[0,0],"20":[0,0],"21":[0,0],"22":[3,1],"23":[1,2],"24":[3,2,1],"25":[1,1]},"_coverageSchema":"1a1c01bbd47fc00a2c39e90264f33305004495a9","hash":"7ad0a4b2bfeb39ba461fd591b2b12b783b55a652"}
,"C:\\Users\\omkar\\OneDrive\\Desktop\\projects\\Current Project\\SocialMediaApp Backend\\test\\intercepter.js": {"path":"C:\\Users\\omkar\\OneDrive\\Desktop\\projects\\Current Project\\SocialMediaApp Backend\\test\\intercepter.js","statementMap":{"0":{"start":{"line":1,"column":0},"end":{"line":20,"column":1}},"1":{"start":{"line":3,"column":18},"end":{"line":3,"column":20}},"2":{"start":{"line":4,"column":8},"end":{"line":4,"column":51}},"3":{"start":{"line":5,"column":8},"end":{"line":5,"column":49}},"4":{"start":{"line":6,"column":8},"end":{"line":6,"column":50}},"5":{"start":{"line":7,"column":8},"end":{"line":7,"column":18}},"6":{"start":{"line":10,"column":18},"end":{"line":10,"column":20}},"7":{"start":{"line":11,"column":8},"end":{"line":11,"column":51}},"8":{"start":{"line":12,"column":8},"end":{"line":12,"column":49}},"9":{"start":{"line":13,"column":8},"end":{"line":13,"column":49}},"10":{"start":{"line":14,"column":8},"end":{"line":14,"column":18}},"11":{"start":{"line":17,"column":19},"end":{"line":17,"column":46}},"12":{"start":{"line":18,"column":8},"end":{"line":18,"column":19}}},"fnMap":{"0":{"name":"(anonymous_0)","decl":{"start":{"line":2,"column":13},"end":{"line":2,"column":14}},"loc":{"start":{"line":2,"column":19},"end":{"line":8,"column":5}},"line":2},"1":{"name":"(anonymous_1)","decl":{"start":{"line":9,"column":13},"end":{"line":9,"column":14}},"loc":{"start":{"line":9,"column":19},"end":{"line":15,"column":5}},"line":9},"2":{"name":"(anonymous_2)","decl":{"start":{"line":16,"column":14},"end":{"line":16,"column":15}},"loc":{"start":{"line":16,"column":20},"end":{"line":19,"column":5}},"line":16}},"branchMap":{},"s":{"0":2,"1":22,"2":22,"3":22,"4":22,"5":22,"6":22,"7":22,"8":22,"9":22,"10":22,"11":15,"12":15},"f":{"0":22,"1":22,"2":15},"b":{},"_coverageSchema":"1a1c01bbd47fc00a2c39e90264f33305004495a9","hash":"2595e7903859e87bcb2ed629d15d33a7596d9f5b"}
}
