TN:
SF:Controller\auth.controller.js
FN:6,(anonymous_0)
FN:36,(anonymous_1)
FNF:2
FNH:2
FNDA:5,(anonymous_0)
FNDA:2,(anonymous_1)
DA:1,1
DA:2,1
DA:3,1
DA:4,1
DA:6,1
DA:7,5
DA:8,5
DA:11,5
DA:12,1
DA:13,4
DA:14,4
DA:16,4
DA:17,1
DA:18,1
DA:19,3
DA:20,3
DA:23,3
DA:24,2
DA:25,2
DA:26,2
DA:27,1
DA:30,2
DA:31,2
DA:36,1
DA:37,2
DA:38,2
DA:39,2
DA:40,1
DA:41,1
DA:42,1
DA:44,1
DA:48,1
LF:32
LH:32
BRDA:11,0,0,1
BRDA:11,0,1,4
BRDA:13,1,0,4
BRDA:13,1,1,0
BRDA:16,2,0,1
BRDA:16,2,1,3
BRDA:19,3,0,3
BRDA:19,3,1,0
BRDA:23,4,0,2
BRDA:23,4,1,1
BRF:10
BRH:8
end_of_record
TN:
SF:Model\Posts.js
FNF:0
FNH:0
DA:1,2
DA:3,2
DA:11,2
LF:3
LH:3
BRF:0
BRH:0
end_of_record
TN:
SF:Model\User.js
FNF:0
FNH:0
DA:1,2
DA:3,2
DA:49,2
LF:3
LH:3
BRF:0
BRH:0
end_of_record
TN:
SF:Model\index.js
FNF:0
FNH:0
DA:1,2
DA:2,2
DA:3,2
DA:5,2
DA:6,2
DA:9,2
DA:10,2
DA:15,2
LF:8
LH:8
BRDA:5,0,0,2
BRDA:5,0,1,0
BRF:2
BRH:1
end_of_record
TN:
SF:middleware\validation.js
FN:24,(anonymous_0)
FN:57,(anonymous_1)
FN:64,(anonymous_2)
FN:74,(anonymous_3)
FN:92,(anonymous_4)
FN:93,(anonymous_5)
FN:105,(anonymous_6)
FN:118,(anonymous_7)
FNF:8
FNH:3
FNDA:8,(anonymous_0)
FNDA:0,(anonymous_1)
FNDA:3,(anonymous_2)
FNDA:0,(anonymous_3)
FNDA:0,(anonymous_4)
FNDA:0,(anonymous_5)
FNDA:0,(anonymous_6)
FNDA:4,(anonymous_7)
DA:1,1
DA:2,1
DA:3,1
DA:5,1
DA:7,1
DA:24,1
DA:25,8
DA:27,8
DA:28,1
DA:29,7
DA:30,1
DA:31,6
DA:32,1
DA:33,5
DA:34,1
DA:37,4
DA:38,1
DA:43,3
DA:44,3
DA:45,1
DA:47,2
DA:48,2
DA:49,1
DA:51,1
DA:53,0
DA:57,1
DA:58,0
DA:59,0
DA:60,0
DA:61,0
DA:64,1
DA:65,3
DA:66,2
DA:67,1
DA:69,1
DA:74,1
DA:75,0
DA:76,0
DA:77,0
DA:78,0
DA:80,0
DA:84,0
DA:86,0
DA:87,0
DA:88,0
DA:92,1
DA:93,0
DA:94,0
DA:96,0
DA:97,0
DA:98,0
DA:99,0
DA:101,0
DA:105,1
DA:106,0
DA:110,0
DA:111,0
DA:112,0
DA:114,0
DA:118,1
DA:119,4
DA:120,3
DA:121,1
DA:122,1
DA:123,2
DA:124,1
DA:125,1
DA:127,3
DA:129,1
DA:134,1
LF:70
LH:44
BRDA:27,0,0,1
BRDA:27,0,1,7
BRDA:27,1,0,8
BRDA:27,1,1,7
BRDA:29,2,0,1
BRDA:29,2,1,6
BRDA:29,3,0,7
BRDA:29,3,1,6
BRDA:31,4,0,1
BRDA:31,4,1,5
BRDA:31,5,0,6
BRDA:31,5,1,6
BRDA:31,5,2,6
BRDA:33,6,0,1
BRDA:33,6,1,4
BRDA:33,7,0,5
BRDA:33,7,1,5
BRDA:33,7,2,4
BRDA:33,7,3,4
BRDA:37,8,0,1
BRDA:37,8,1,3
BRDA:44,9,0,1
BRDA:44,9,1,2
BRDA:48,10,0,1
BRDA:48,10,1,1
BRDA:58,11,0,0
BRDA:58,11,1,0
BRDA:65,12,0,1
BRDA:65,12,1,2
BRDA:65,13,0,3
BRDA:65,13,1,2
BRDA:66,14,0,1
BRDA:66,14,1,1
BRDA:75,15,0,0
BRDA:75,15,1,0
BRDA:80,16,0,0
BRDA:80,16,1,0
BRDA:81,17,0,0
BRDA:81,17,1,0
BRDA:96,18,0,0
BRDA:96,18,1,0
BRDA:106,19,0,0
BRDA:106,19,1,0
BRDA:107,20,0,0
BRDA:107,20,1,0
BRDA:111,21,0,0
BRDA:111,21,1,0
BRDA:119,22,0,3
BRDA:119,22,1,1
BRDA:120,23,0,1
BRDA:120,23,1,2
BRDA:120,24,0,3
BRDA:120,24,1,2
BRDA:120,24,2,1
BRDA:123,25,0,1
BRDA:123,25,1,1
BRF:56
BRH:40
end_of_record
TN:
SF:test\intercepter.js
FN:2,(anonymous_0)
FN:9,(anonymous_1)
FN:16,(anonymous_2)
FNF:3
FNH:3
FNDA:22,(anonymous_0)
FNDA:22,(anonymous_1)
FNDA:15,(anonymous_2)
DA:1,2
DA:3,22
DA:4,22
DA:5,22
DA:6,22
DA:7,22
DA:10,22
DA:11,22
DA:12,22
DA:13,22
DA:14,22
DA:17,15
DA:18,15
LF:13
LH:13
BRF:0
BRH:0
end_of_record
